Using pre-set license
Built from '2021.1/staging' branch; Version is '2021.1.15f1 (e767a7370072) revision 15165351'; Using compiler version '192528614'; Build Type 'Release'
OS: 'Windows 10 Pro; OS build 19042.1237; Version 2009; 64bit' Language: 'en' Physical Memory: 16310 MB
BatchMode: 1, IsHumanControllingUs: 0, StartBugReporterOnCrash: 0, Is64bit: 1, IsPro: 0

 COMMAND LINE ARGUMENTS:
C:\Program Files\Unity\Hub\Editor\2021.1.15f1\Editor\Unity.exe
-adb2
-batchMode
-noUpm
-name
AssetImportWorker0
-projectPath
C:/Users/Sherr/Documents/GitHub Repos/LatestAppleberryFiles_GD3B/GD3B block project files
-logFile
Logs/AssetImportWorker0.log
-srvPort
53621
Successfully changed project path to: C:/Users/Sherr/Documents/GitHub Repos/LatestAppleberryFiles_GD3B/GD3B block project files
C:/Users/Sherr/Documents/GitHub Repos/LatestAppleberryFiles_GD3B/GD3B block project files
Using Asset Import Pipeline V2.
Refreshing native plugins compatible for Editor in 19.74 ms, found 2 plugins.
Preloading 0 native plugins for Editor in 0.00 ms.
Initialize engine version: 2021.1.15f1 (e767a7370072)
[Subsystems] Discovering subsystems at path C:/Program Files/Unity/Hub/Editor/2021.1.15f1/Editor/Data/Resources/UnitySubsystems
[Subsystems] Discovering subsystems at path C:/Users/Sherr/Documents/GitHub Repos/LatestAppleberryFiles_GD3B/GD3B block project files/Assets
GfxDevice: creating device client; threaded=0; jobified=0
Direct3D:
    Version:  Direct3D 11.0 [level 11.1]
    Renderer: NVIDIA GeForce GTX 1060 6GB (ID=0x1c03)
    Vendor:   NVIDIA
    VRAM:     6052 MB
    Driver:   27.21.14.6647
Initialize mono
Mono path[0] = 'C:/Program Files/Unity/Hub/Editor/2021.1.15f1/Editor/Data/Managed'
Mono path[1] = 'C:/Program Files/Unity/Hub/Editor/2021.1.15f1/Editor/Data/MonoBleedingEdge/lib/mono/unityjit'
Mono config path = 'C:/Program Files/Unity/Hub/Editor/2021.1.15f1/Editor/Data/MonoBleedingEdge/etc'
Using monoOptions --debugger-agent=transport=dt_socket,embedding=1,server=y,suspend=n,address=127.0.0.1:56936
Begin MonoManager ReloadAssembly
Registering precompiled unity dll's ...
Register platform support module: C:/Program Files/Unity/Hub/Editor/2021.1.15f1/Editor/Data/PlaybackEngines/WindowsStandaloneSupport/UnityEditor.WindowsStandalone.Extensions.dll
Registered in 0.001290 seconds.
Native extension for WindowsStandalone target not found
Refreshing native plugins compatible for Editor in 18.80 ms, found 2 plugins.
Preloading 0 native plugins for Editor in 0.00 ms.
Mono: successfully reloaded assembly
- Completed reload, in  0.792 seconds
Domain Reload Profiling:
	ReloadAssembly (792ms)
		BeginReloadAssembly (36ms)
			ExecutionOrderSort (0ms)
			DisableScriptedObjects (0ms)
			BackupInstance (0ms)
			ReleaseScriptingObjects (0ms)
			CreateAndSetChildDomain (1ms)
		EndReloadAssembly (258ms)
			LoadAssemblies (34ms)
			RebuildTransferFunctionScriptingTraits (0ms)
			SetupTypeCache (100ms)
			ReleaseScriptCaches (0ms)
			RebuildScriptCaches (18ms)
			SetupLoadedEditorAssemblies (109ms)
				LogAssemblyErrors (0ms)
				InitializePlatformSupportModulesInManaged (4ms)
				SetLoadedEditorAssemblies (0ms)
				RefreshPlugins (19ms)
				BeforeProcessingInitializeOnLoad (1ms)
				ProcessInitializeOnLoadAttributes (65ms)
				ProcessInitializeOnLoadMethodAttributes (20ms)
				AfterProcessingInitializeOnLoad (0ms)
				EditorAssembliesLoaded (0ms)
			ExecutionOrderSort2 (0ms)
			AwakeInstancesAfterBackupRestoration (0ms)
Platform modules already initialized, skipping
Registering precompiled user dll's ...
Registered in 0.002648 seconds.
Begin MonoManager ReloadAssembly
Native extension for WindowsStandalone target not found
Refreshing native plugins compatible for Editor in 0.28 ms, found 2 plugins.
Preloading 0 native plugins for Editor in 0.00 ms.
Mono: successfully reloaded assembly
- Completed reload, in  0.629 seconds
Domain Reload Profiling:
	ReloadAssembly (629ms)
		BeginReloadAssembly (93ms)
			ExecutionOrderSort (0ms)
			DisableScriptedObjects (3ms)
			BackupInstance (0ms)
			ReleaseScriptingObjects (0ms)
			CreateAndSetChildDomain (14ms)
		EndReloadAssembly (496ms)
			LoadAssemblies (63ms)
			RebuildTransferFunctionScriptingTraits (0ms)
			SetupTypeCache (164ms)
			ReleaseScriptCaches (0ms)
			RebuildScriptCaches (24ms)
			SetupLoadedEditorAssemblies (192ms)
				LogAssemblyErrors (0ms)
				InitializePlatformSupportModulesInManaged (4ms)
				SetLoadedEditorAssemblies (0ms)
				RefreshPlugins (0ms)
				BeforeProcessingInitializeOnLoad (31ms)
				ProcessInitializeOnLoadAttributes (149ms)
				ProcessInitializeOnLoadMethodAttributes (3ms)
				AfterProcessingInitializeOnLoad (5ms)
				EditorAssembliesLoaded (0ms)
			ExecutionOrderSort2 (0ms)
			AwakeInstancesAfterBackupRestoration (4ms)
Platform modules already initialized, skipping
========================================================================
Worker process is ready to serve import requests
Launched and connected shader compiler UnityShaderCompiler.exe after 0.03 seconds
Refreshing native plugins compatible for Editor in 0.26 ms, found 2 plugins.
Preloading 0 native plugins for Editor in 0.00 ms.
Unloading 1415 Unused Serialized files (Serialized files now loaded: 0)
System memory in use before: 124.2 MB.
System memory in use after: 124.3 MB.

Unloading 18 unused Assets to reduce memory usage. Loaded Objects now: 1865.
Total: 1.557900 ms (FindLiveObjects: 0.083200 ms CreateObjectMapping: 0.025500 ms MarkObjects: 1.405500 ms  DeleteObjects: 0.043100 ms)

AssetImportParameters requested are different than current active one (requested -> active):
  custom:framework-win-MediaFoundation: 216162199b28c13a410421893ffa2e32 -> 
  custom:video-decoder-ogg-theora: a1e56fd34408186e4bbccfd4996cb3dc -> 
  custom:container-muxer-webm: aa71ff27fc2769a1b78a27578f13a17b -> 
  custom:container-demuxer-webm: 4f35f7cbe854078d1ac9338744f61a02 -> 
  custom:container-demuxer-ogg: 62fdf1f143b41e24485cea50d1cbac27 -> 
  custom:video-encoder-webm-vp8: eb34c28f22e8b96e1ab97ce403110664 -> 
  custom:video-decoder-webm-vp8: 9c59270c3fd7afecdb556c50c9e8de78 -> 
  custom:audio-decoder-ogg-vorbis: bf7c407c2cedff20999df2af8eb42d56 -> 
  custom:audio-encoder-webm-vorbis: bf7c407c2cedff20999df2af8eb42d56 -> 
========================================================================
Received Import Request.
  path: Assets/Scenes
  artifactKey: Guid(64a85e3a8724d974c935be6a7692e383) Importer(815301076,1909f56bfc062723c751e8b465ee728b)
Start importing Assets/Scenes using Guid(64a85e3a8724d974c935be6a7692e383) Importer(815301076,1909f56bfc062723c751e8b465ee728b)  -> (artifact id: '82600f3ffcc6cb2f0a3a27e20ab86aa3') in 0.003009 seconds 
========================================================================
Received Import Request.
  Time since last request: 1.217995 seconds.
  path: Assets/Scenes/Environment_Free.unity
  artifactKey: Guid(c732593fe76e5a84197f9cd13963f706) Importer(815301076,1909f56bfc062723c751e8b465ee728b)
Start importing Assets/Scenes/Environment_Free.unity using Guid(c732593fe76e5a84197f9cd13963f706) Importer(815301076,1909f56bfc062723c751e8b465ee728b)  -> (artifact id: '515fa91235310272ee65b2f6219496f1') in 0.005928 seconds 
========================================================================
Received Import Request.
  Time since last request: 90.011510 seconds.
  path: Assets/Unity Assets
  artifactKey: Guid(93c7ab265d0cdf240ab95b8aaa0a21ae) Importer(815301076,1909f56bfc062723c751e8b465ee728b)
Start importing Assets/Unity Assets using Guid(93c7ab265d0cdf240ab95b8aaa0a21ae) Importer(815301076,1909f56bfc062723c751e8b465ee728b)  -> (artifact id: '41c54c51ad9a84ae262d6ee899b9697c') in 0.001451 seconds 
========================================================================
Received Import Request.
  Time since last request: 0.787177 seconds.
  path: Assets/Unity Assets/LowPolyFarmLite
  artifactKey: Guid(74d1d8b17a32a9b488f43bb4b5495120) Importer(815301076,1909f56bfc062723c751e8b465ee728b)
Start importing Assets/Unity Assets/LowPolyFarmLite using Guid(74d1d8b17a32a9b488f43bb4b5495120) Importer(815301076,1909f56bfc062723c751e8b465ee728b)  -> (artifact id: '470be4269fb4697c2102f6c46d894891') in 0.001466 seconds 
========================================================================
Received Import Request.
  Time since last request: 1.083841 seconds.
  path: Assets/Unity Assets/LowPolyFarmLite/Prefabs
  artifactKey: Guid(2c1d683bd08bd8a4bb1c3c6496009f72) Importer(815301076,1909f56bfc062723c751e8b465ee728b)
Start importing Assets/Unity Assets/LowPolyFarmLite/Prefabs using Guid(2c1d683bd08bd8a4bb1c3c6496009f72) Importer(815301076,1909f56bfc062723c751e8b465ee728b)  -> (artifact id: '869c49fb6d4ace3e2463deaff00759ff') in 0.001384 seconds 
========================================================================
Received Import Request.
  Time since last request: 0.006843 seconds.
  path: Assets/Unity Assets/LowPolyFarmLite/Prefabs/Box_01.prefab
  artifactKey: Guid(d26dc1241d332c342b898a57f1164932) Importer(815301076,1909f56bfc062723c751e8b465ee728b)
Start importing Assets/Unity Assets/LowPolyFarmLite/Prefabs/Box_01.prefab using Guid(d26dc1241d332c342b898a57f1164932) Importer(815301076,1909f56bfc062723c751e8b465ee728b)  -> (artifact id: 'e163a4e93258d65d663754a15edcb8db') in 0.206155 seconds 
========================================================================
Received Import Request.
  Time since last request: 0.000117 seconds.
  path: Assets/Unity Assets/LowPolyFarmLite/Prefabs/TomatoPlant_01.prefab
  artifactKey: Guid(78da2ace1ab76ce478600ebe37fa10fe) Importer(815301076,1909f56bfc062723c751e8b465ee728b)
Start importing Assets/Unity Assets/LowPolyFarmLite/Prefabs/TomatoPlant_01.prefab using Guid(78da2ace1ab76ce478600ebe37fa10fe) Importer(815301076,1909f56bfc062723c751e8b465ee728b)  -> (artifact id: 'a9e6f05bd742c71fe8bba31c398fbe15') in 0.006720 seconds 
========================================================================
Received Import Request.
  Time since last request: 0.000177 seconds.
  path: Assets/Unity Assets/LowPolyFarmLite/Prefabs/Cabbage_01.prefab
  artifactKey: Guid(aec8969d0290c6d4cbc587ef85a01ce4) Importer(815301076,1909f56bfc062723c751e8b465ee728b)
Start importing Assets/Unity Assets/LowPolyFarmLite/Prefabs/Cabbage_01.prefab using Guid(aec8969d0290c6d4cbc587ef85a01ce4) Importer(815301076,1909f56bfc062723c751e8b465ee728b)  -> (artifact id: '40824a629c74843119b928dd6f585cac') in 0.006448 seconds 
========================================================================
Received Import Request.
  Time since last request: 0.000106 seconds.
  path: Assets/Unity Assets/LowPolyFarmLite/Prefabs/Fence_01.prefab
  artifactKey: Guid(cb422acdc199d6e42910f589b81c283b) Importer(815301076,1909f56bfc062723c751e8b465ee728b)
Start importing Assets/Unity Assets/LowPolyFarmLite/Prefabs/Fence_01.prefab using Guid(cb422acdc199d6e42910f589b81c283b) Importer(815301076,1909f56bfc062723c751e8b465ee728b)  -> (artifact id: '4818a0b4599b8594ae027ef593fa9f10') in 0.006938 seconds 
========================================================================
Received Import Request.
  Time since last request: 0.000134 seconds.
  path: Assets/Unity Assets/LowPolyFarmLite/Prefabs/Tree_04.prefab
  artifactKey: Guid(bae468b3a6b9ea141967f3cfbe601352) Importer(815301076,1909f56bfc062723c751e8b465ee728b)
Start importing Assets/Unity Assets/LowPolyFarmLite/Prefabs/Tree_04.prefab using Guid(bae468b3a6b9ea141967f3cfbe601352) Importer(815301076,1909f56bfc062723c751e8b465ee728b)  -> (artifact id: '56e41d298c93a05f465894e5f916d8f8') in 0.006472 seconds 
========================================================================
Received Import Request.
  Time since last request: 0.000117 seconds.
  path: Assets/Unity Assets/LowPolyFarmLite/Prefabs/Grass_02.prefab
  artifactKey: Guid(81dad7d5552c9a341b390c79338fe0a4) Importer(815301076,1909f56bfc062723c751e8b465ee728b)
Start importing Assets/Unity Assets/LowPolyFarmLite/Prefabs/Grass_02.prefab using Guid(81dad7d5552c9a341b390c79338fe0a4) Importer(815301076,1909f56bfc062723c751e8b465ee728b)  -> (artifact id: 'feeca20107431e1a324cb006bc184c1a') in 0.005829 seconds 
========================================================================
Received Import Request.
  Time since last request: 0.000103 seconds.
  path: Assets/Unity Assets/LowPolyFarmLite/Prefabs/Rock_04.prefab
  artifactKey: Guid(748ca274b89873247873cee26d353629) Importer(815301076,1909f56bfc062723c751e8b465ee728b)
Start importing Assets/Unity Assets/LowPolyFarmLite/Prefabs/Rock_04.prefab using Guid(748ca274b89873247873cee26d353629) Importer(815301076,1909f56bfc062723c751e8b465ee728b)  -> (artifact id: '7a7bcbef35b9e343a1ea28775039bcb7') in 0.006293 seconds 
========================================================================
Received Import Request.
  Time since last request: 0.000111 seconds.
  path: Assets/Unity Assets/LowPolyFarmLite/Prefabs/Terrain_01.prefab
  artifactKey: Guid(7ddfa3a1d18174043aab251be6df3a0e) Importer(815301076,1909f56bfc062723c751e8b465ee728b)
Start importing Assets/Unity Assets/LowPolyFarmLite/Prefabs/Terrain_01.prefab using Guid(7ddfa3a1d18174043aab251be6df3a0e) Importer(815301076,1909f56bfc062723c751e8b465ee728b)  -> (artifact id: 'f20a0b351f0d322fb3f4227307bda8c4') in 0.020645 seconds 
========================================================================
Received Import Request.
  Time since last request: 0.000140 seconds.
  path: Assets/Unity Assets/LowPolyFarmLite/Prefabs/Mud_01.prefab
  artifactKey: Guid(c4fa87cd4eff4ae4ba4c8d1ad48df5f7) Importer(815301076,1909f56bfc062723c751e8b465ee728b)
Start importing Assets/Unity Assets/LowPolyFarmLite/Prefabs/Mud_01.prefab using Guid(c4fa87cd4eff4ae4ba4c8d1ad48df5f7) Importer(815301076,1909f56bfc062723c751e8b465ee728b)  -> (artifact id: '4d23202c72139e301684e7dfcc93154d') in 0.010449 seconds 
========================================================================
Received Import Request.
  Time since last request: 0.000121 seconds.
  path: Assets/Unity Assets/LowPolyFarmLite/Prefabs/Tomato_03.prefab
  artifactKey: Guid(fd8e0760db14a534a89257f68a4f2a8c) Importer(815301076,1909f56bfc062723c751e8b465ee728b)
Start importing Assets/Unity Assets/LowPolyFarmLite/Prefabs/Tomato_03.prefab using Guid(fd8e0760db14a534a89257f68a4f2a8c) Importer(815301076,1909f56bfc062723c751e8b465ee728b)  -> (artifact id: '89d0b7ad2d7b3a8c780846592db7ca52') in 0.007343 seconds 
========================================================================
Received Import Request.
  Time since last request: 0.000119 seconds.
  path: Assets/Unity Assets/LowPolyFarmLite/Prefabs/WateringCan_01.prefab
  artifactKey: Guid(8877f4aac7d3c184ea4954647487e084) Importer(815301076,1909f56bfc062723c751e8b465ee728b)
Start importing Assets/Unity Assets/LowPolyFarmLite/Prefabs/WateringCan_01.prefab using Guid(8877f4aac7d3c184ea4954647487e084) Importer(815301076,1909f56bfc062723c751e8b465ee728b)  -> (artifact id: 'f8cb807a9963ff1b4e1f1db12eb9bcab') in 0.006576 seconds 
========================================================================
Received Import Request.
  Time since last request: 11.618298 seconds.
  path: Assets/Unity Assets/Low_Poly_Mini_Village
  artifactKey: Guid(4c4ee7b2b60c1c2428b625b76e6c4d9b) Importer(815301076,1909f56bfc062723c751e8b465ee728b)
Start importing Assets/Unity Assets/Low_Poly_Mini_Village using Guid(4c4ee7b2b60c1c2428b625b76e6c4d9b) Importer(815301076,1909f56bfc062723c751e8b465ee728b)  -> (artifact id: '570f99f87c739155d655a3fac413eb69') in 0.001463 seconds 
========================================================================
Received Import Request.
  Time since last request: 1.841079 seconds.
  path: Assets/Unity Assets/Low_Poly_Mini_Village/Prefabs
  artifactKey: Guid(bf1f19c606e34194d8813a966807a020) Importer(815301076,1909f56bfc062723c751e8b465ee728b)
Start importing Assets/Unity Assets/Low_Poly_Mini_Village/Prefabs using Guid(bf1f19c606e34194d8813a966807a020) Importer(815301076,1909f56bfc062723c751e8b465ee728b)  -> (artifact id: '0e33e57d43605df8602e419edff99ae0') in 0.001344 seconds 
========================================================================
Received Import Request.
  Time since last request: 0.121772 seconds.
  path: Assets/Unity Assets/Low_Poly_Mini_Village/Prefabs/Base.prefab
  artifactKey: Guid(bef79636abe053d4d9a4757b4466bfe9) Importer(815301076,1909f56bfc062723c751e8b465ee728b)
Start importing Assets/Unity Assets/Low_Poly_Mini_Village/Prefabs/Base.prefab using Guid(bef79636abe053d4d9a4757b4466bfe9) Importer(815301076,1909f56bfc062723c751e8b465ee728b)  -> (artifact id: '896d57042fd2d82a2af7f520fa578c3c') in 0.014778 seconds 
========================================================================
Received Import Request.
  Time since last request: 0.000106 seconds.
  path: Assets/Unity Assets/Low_Poly_Mini_Village/Prefabs/Road_sign1.prefab
  artifactKey: Guid(41093631723a72d42bccc0b698461fd2) Importer(815301076,1909f56bfc062723c751e8b465ee728b)
Start importing Assets/Unity Assets/Low_Poly_Mini_Village/Prefabs/Road_sign1.prefab using Guid(41093631723a72d42bccc0b698461fd2) Importer(815301076,1909f56bfc062723c751e8b465ee728b)  -> (artifact id: '3db0dcce27ecc5440ba259f6fe3ed02e') in 0.005080 seconds 
========================================================================
Received Import Request.
  Time since last request: 0.000103 seconds.
  path: Assets/Unity Assets/Low_Poly_Mini_Village/Prefabs/Water.prefab
  artifactKey: Guid(bc131e0c7707c8e4d8099dd0b1451179) Importer(815301076,1909f56bfc062723c751e8b465ee728b)
Start importing Assets/Unity Assets/Low_Poly_Mini_Village/Prefabs/Water.prefab using Guid(bc131e0c7707c8e4d8099dd0b1451179) Importer(815301076,1909f56bfc062723c751e8b465ee728b)  -> (artifact id: 'a80b5d6b331cfb94e6038b1521e7de42') in 0.007263 seconds 
========================================================================
Received Import Request.
  Time since last request: 0.000124 seconds.
  path: Assets/Unity Assets/Low_Poly_Mini_Village/Prefabs/Ground.prefab
  artifactKey: Guid(e3e0e20c8d3c49843b9f69d078adbdf7) Importer(815301076,1909f56bfc062723c751e8b465ee728b)
Start importing Assets/Unity Assets/Low_Poly_Mini_Village/Prefabs/Ground.prefab using Guid(e3e0e20c8d3c49843b9f69d078adbdf7) Importer(815301076,1909f56bfc062723c751e8b465ee728b)  -> (artifact id: '8720509bfa1a98388b4cab9cba9c647e') in 0.006515 seconds 
========================================================================
Received Import Request.
  Time since last request: 0.000160 seconds.
  path: Assets/Unity Assets/Low_Poly_Mini_Village/Prefabs/Electric_pole.prefab
  artifactKey: Guid(956a8f08c3fac1547baafd057d820a75) Importer(815301076,1909f56bfc062723c751e8b465ee728b)
Start importing Assets/Unity Assets/Low_Poly_Mini_Village/Prefabs/Electric_pole.prefab using Guid(956a8f08c3fac1547baafd057d820a75) Importer(815301076,1909f56bfc062723c751e8b465ee728b)  -> (artifact id: 'eae601c93fdce4f416956cf078a24024') in 0.006376 seconds 
========================================================================
Received Import Request.
  Time since last request: 0.000110 seconds.
  path: Assets/Unity Assets/Low_Poly_Mini_Village/Prefabs/Grass_3.prefab
  artifactKey: Guid(c4bc74b0a7f30164493f6b2b1cd5969e) Importer(815301076,1909f56bfc062723c751e8b465ee728b)
Start importing Assets/Unity Assets/Low_Poly_Mini_Village/Prefabs/Grass_3.prefab using Guid(c4bc74b0a7f30164493f6b2b1cd5969e) Importer(815301076,1909f56bfc062723c751e8b465ee728b)  -> (artifact id: 'f92bfb5427d278c185cc6a0aef13a80c') in 0.159923 seconds 
========================================================================
Received Import Request.
  Time since last request: 0.000122 seconds.
  path: Assets/Unity Assets/Low_Poly_Mini_Village/Prefabs/Tree_1.prefab
  artifactKey: Guid(2f88bb42a1ce0c043834b471617d3b2a) Importer(815301076,1909f56bfc062723c751e8b465ee728b)
Start importing Assets/Unity Assets/Low_Poly_Mini_Village/Prefabs/Tree_1.prefab using Guid(2f88bb42a1ce0c043834b471617d3b2a) Importer(815301076,1909f56bfc062723c751e8b465ee728b)  -> (artifact id: 'd37ccc2e9daac0d2ce51caef9b64f4fb') in 0.006258 seconds 
========================================================================
Received Import Request.
  Time since last request: 0.000102 seconds.
  path: Assets/Unity Assets/Low_Poly_Mini_Village/Prefabs/Well1.prefab
  artifactKey: Guid(5e9761041a6b5b647a3b3b0d79c4ad68) Importer(815301076,1909f56bfc062723c751e8b465ee728b)
Start importing Assets/Unity Assets/Low_Poly_Mini_Village/Prefabs/Well1.prefab using Guid(5e9761041a6b5b647a3b3b0d79c4ad68) Importer(815301076,1909f56bfc062723c751e8b465ee728b)  -> (artifact id: 'a394cbeccb947d881c99f5fca7e97dff') in 0.006155 seconds 
========================================================================
Received Import Request.
  Time since last request: 0.000133 seconds.
  path: Assets/Unity Assets/Low_Poly_Mini_Village/Prefabs/House_2.prefab
  artifactKey: Guid(3d7ed3a31ab8f79448604ec3148d300c) Importer(815301076,1909f56bfc062723c751e8b465ee728b)
Start importing Assets/Unity Assets/Low_Poly_Mini_Village/Prefabs/House_2.prefab using Guid(3d7ed3a31ab8f79448604ec3148d300c) Importer(815301076,1909f56bfc062723c751e8b465ee728b)  -> (artifact id: 'f15083bfbf367d67b90271be2d5c5357') in 0.006555 seconds 
========================================================================
Received Import Request.
  Time since last request: 0.000118 seconds.
  path: Assets/Unity Assets/Low_Poly_Mini_Village/Prefabs/Wc.prefab
  artifactKey: Guid(943133367053d9145a4401c02bf5f914) Importer(815301076,1909f56bfc062723c751e8b465ee728b)
Start importing Assets/Unity Assets/Low_Poly_Mini_Village/Prefabs/Wc.prefab using Guid(943133367053d9145a4401c02bf5f914) Importer(815301076,1909f56bfc062723c751e8b465ee728b)  -> (artifact id: '7f2a01a0adc943fc14bbb5a63a9e2e82') in 0.006190 seconds 
========================================================================
Received Import Request.
  Time since last request: 0.000098 seconds.
  path: Assets/Unity Assets/Low_Poly_Mini_Village/Prefabs/Tree_4.prefab
  artifactKey: Guid(122cf8bf4f49e3842ae0fce025b4bd02) Importer(815301076,1909f56bfc062723c751e8b465ee728b)
Start importing Assets/Unity Assets/Low_Poly_Mini_Village/Prefabs/Tree_4.prefab using Guid(122cf8bf4f49e3842ae0fce025b4bd02) Importer(815301076,1909f56bfc062723c751e8b465ee728b)  -> (artifact id: 'c30bc07f95c79d007450423ff4c0435b') in 0.008381 seconds 
========================================================================
Received Import Request.
  Time since last request: 0.000133 seconds.
  path: Assets/Unity Assets/Low_Poly_Mini_Village/Prefabs/Rock_2.prefab
  artifactKey: Guid(7bf62b0bc39558d48807aa176c485b64) Importer(815301076,1909f56bfc062723c751e8b465ee728b)
Start importing Assets/Unity Assets/Low_Poly_Mini_Village/Prefabs/Rock_2.prefab using Guid(7bf62b0bc39558d48807aa176c485b64) Importer(815301076,1909f56bfc062723c751e8b465ee728b)  -> (artifact id: 'c1c2b90a7fb2bfa4b42229160da06485') in 0.015148 seconds 
========================================================================
Received Import Request.
  Time since last request: 0.000093 seconds.
  path: Assets/Unity Assets/Low_Poly_Mini_Village/Prefabs/Electric_cable.prefab
  artifactKey: Guid(0dbda4ea70ba28549b5c445249486cf5) Importer(815301076,1909f56bfc062723c751e8b465ee728b)
Start importing Assets/Unity Assets/Low_Poly_Mini_Village/Prefabs/Electric_cable.prefab using Guid(0dbda4ea70ba28549b5c445249486cf5) Importer(815301076,1909f56bfc062723c751e8b465ee728b)  -> (artifact id: '4bcbe0e91779c805d9f377a5bd4e1971') in 0.005506 seconds 
========================================================================
Received Import Request.
  Time since last request: 0.000117 seconds.
  path: Assets/Unity Assets/Low_Poly_Mini_Village/Prefabs/Tree_2.prefab
  artifactKey: Guid(f371874061e9c874481abcdb897e9420) Importer(815301076,1909f56bfc062723c751e8b465ee728b)
Start importing Assets/Unity Assets/Low_Poly_Mini_Village/Prefabs/Tree_2.prefab using Guid(f371874061e9c874481abcdb897e9420) Importer(815301076,1909f56bfc062723c751e8b465ee728b)  -> (artifact id: '694a57bb29520266ed67359529fca874') in 0.008104 seconds 
========================================================================
Received Import Request.
  Time since last request: 0.000115 seconds.
  path: Assets/Unity Assets/Low_Poly_Mini_Village/Prefabs/Wooden_barrel.prefab
  artifactKey: Guid(c230cf9ffea1ef74b9eca483ad69d225) Importer(815301076,1909f56bfc062723c751e8b465ee728b)
Start importing Assets/Unity Assets/Low_Poly_Mini_Village/Prefabs/Wooden_barrel.prefab using Guid(c230cf9ffea1ef74b9eca483ad69d225) Importer(815301076,1909f56bfc062723c751e8b465ee728b)  -> (artifact id: 'b9b74676d3750000f18619c71e7d6155') in 0.005478 seconds 
========================================================================
Received Import Request.
  Time since last request: 0.000111 seconds.
  path: Assets/Unity Assets/Low_Poly_Mini_Village/Prefabs/Grass_1.prefab
  artifactKey: Guid(f7155cb81768ed845bbaa6821ede4fe3) Importer(815301076,1909f56bfc062723c751e8b465ee728b)
Start importing Assets/Unity Assets/Low_Poly_Mini_Village/Prefabs/Grass_1.prefab using Guid(f7155cb81768ed845bbaa6821ede4fe3) Importer(815301076,1909f56bfc062723c751e8b465ee728b)  -> (artifact id: 'd6f50681608577ea94a051c6b65b9fd6') in 0.007088 seconds 
========================================================================
Received Import Request.
  Time since last request: 0.000115 seconds.
  path: Assets/Unity Assets/Low_Poly_Mini_Village/Prefabs/Church_1.prefab
  artifactKey: Guid(fec05b3694b2ffb4da8dc2a3fbcd8256) Importer(815301076,1909f56bfc062723c751e8b465ee728b)
Start importing Assets/Unity Assets/Low_Poly_Mini_Village/Prefabs/Church_1.prefab using Guid(fec05b3694b2ffb4da8dc2a3fbcd8256) Importer(815301076,1909f56bfc062723c751e8b465ee728b)  -> (artifact id: 'fc7df6896483c1e208127701f3bec50f') in 0.006212 seconds 
========================================================================
Received Import Request.
  Time since last request: 0.000127 seconds.
  path: Assets/Unity Assets/Low_Poly_Mini_Village/Prefabs/Grass_2.prefab
  artifactKey: Guid(161c85f0af49e7b4dad7dd340e1e39fd) Importer(815301076,1909f56bfc062723c751e8b465ee728b)
Start importing Assets/Unity Assets/Low_Poly_Mini_Village/Prefabs/Grass_2.prefab using Guid(161c85f0af49e7b4dad7dd340e1e39fd) Importer(815301076,1909f56bfc062723c751e8b465ee728b)  -> (artifact id: '9df5ec8c62844ff1237aaf1a6bd3a3dc') in 0.006145 seconds 
========================================================================
Received Import Request.
  Time since last request: 0.000156 seconds.
  path: Assets/Unity Assets/Low_Poly_Mini_Village/Prefabs/Rock_3.prefab
  artifactKey: Guid(ffc545d554bc78c4f9ee506149e450b4) Importer(815301076,1909f56bfc062723c751e8b465ee728b)
Start importing Assets/Unity Assets/Low_Poly_Mini_Village/Prefabs/Rock_3.prefab using Guid(ffc545d554bc78c4f9ee506149e450b4) Importer(815301076,1909f56bfc062723c751e8b465ee728b)  -> (artifact id: 'f7b31a9950282d87f00b2cfd2484267a') in 0.016813 seconds 
========================================================================
Received Import Request.
  Time since last request: 0.000118 seconds.
  path: Assets/Unity Assets/Low_Poly_Mini_Village/Prefabs/Rock_4.prefab
  artifactKey: Guid(750b7a6fa26e20c49b059fef9d453c45) Importer(815301076,1909f56bfc062723c751e8b465ee728b)
Start importing Assets/Unity Assets/Low_Poly_Mini_Village/Prefabs/Rock_4.prefab using Guid(750b7a6fa26e20c49b059fef9d453c45) Importer(815301076,1909f56bfc062723c751e8b465ee728b)  -> (artifact id: '6b668f9dbf3bf0e66b927ff30f21bac0') in 0.008984 seconds 
========================================================================
Received Import Request.
  Time since last request: 0.000114 seconds.
  path: Assets/Unity Assets/Low_Poly_Mini_Village/Prefabs/House_1.prefab
  artifactKey: Guid(2030e0fa2aadfed4b9f99149cab54c72) Importer(815301076,1909f56bfc062723c751e8b465ee728b)
Start importing Assets/Unity Assets/Low_Poly_Mini_Village/Prefabs/House_1.prefab using Guid(2030e0fa2aadfed4b9f99149cab54c72) Importer(815301076,1909f56bfc062723c751e8b465ee728b)  -> (artifact id: '404cc5453d884d44edcb84505c77de06') in 0.006071 seconds 
========================================================================
Received Import Request.
  Time since last request: 0.000166 seconds.
  path: Assets/Unity Assets/Low_Poly_Mini_Village/Prefabs/Caravan_1.prefab
  artifactKey: Guid(8e9164e00a4d5db48a745b14934ecaa9) Importer(815301076,1909f56bfc062723c751e8b465ee728b)
Start importing Assets/Unity Assets/Low_Poly_Mini_Village/Prefabs/Caravan_1.prefab using Guid(8e9164e00a4d5db48a745b14934ecaa9) Importer(815301076,1909f56bfc062723c751e8b465ee728b)  -> (artifact id: '45802da78634fef445952f1b9074332f') in 0.007397 seconds 
========================================================================
Received Import Request.
  Time since last request: 0.000115 seconds.
  path: Assets/Unity Assets/Low_Poly_Mini_Village/Prefabs/House_3.prefab
  artifactKey: Guid(0ec5d1d949191f44b8281801bfcfe011) Importer(815301076,1909f56bfc062723c751e8b465ee728b)
Start importing Assets/Unity Assets/Low_Poly_Mini_Village/Prefabs/House_3.prefab using Guid(0ec5d1d949191f44b8281801bfcfe011) Importer(815301076,1909f56bfc062723c751e8b465ee728b)  -> (artifact id: 'cf2d008001047d353d742e7aa8295a5d') in 0.006247 seconds 
========================================================================
Received Import Request.
  Time since last request: 0.000112 seconds.
  path: Assets/Unity Assets/Low_Poly_Mini_Village/Prefabs/Rock_1.prefab
  artifactKey: Guid(3a0a30c4014e71342ae79edf0a0e737a) Importer(815301076,1909f56bfc062723c751e8b465ee728b)
Start importing Assets/Unity Assets/Low_Poly_Mini_Village/Prefabs/Rock_1.prefab using Guid(3a0a30c4014e71342ae79edf0a0e737a) Importer(815301076,1909f56bfc062723c751e8b465ee728b)  -> (artifact id: '491b809c074950eee9f36bc86812a1c8') in 0.009822 seconds 
========================================================================
Received Import Request.
  Time since last request: 0.000157 seconds.
  path: Assets/Unity Assets/Low_Poly_Mini_Village/Prefabs/Tree_3.prefab
  artifactKey: Guid(0e40fc051ed65994baf499c5b9715ce0) Importer(815301076,1909f56bfc062723c751e8b465ee728b)
Start importing Assets/Unity Assets/Low_Poly_Mini_Village/Prefabs/Tree_3.prefab using Guid(0e40fc051ed65994baf499c5b9715ce0) Importer(815301076,1909f56bfc062723c751e8b465ee728b)  -> (artifact id: 'dcaf2437c054fa3ab81e5dda6240bf60') in 0.013641 seconds 
========================================================================
Received Import Request.
  Time since last request: 92.743398 seconds.
  path: Assets/Unity Assets/Polytope Studio/Lowpoly Medieval Environments/Prefabs/Plants/PT_Grass_02.prefab
  artifactKey: Guid(82b2c64f4e2d5264bbf0f909cadda2fa) Importer(815301076,1909f56bfc062723c751e8b465ee728b)
Start importing Assets/Unity Assets/Polytope Studio/Lowpoly Medieval Environments/Prefabs/Plants/PT_Grass_02.prefab using Guid(82b2c64f4e2d5264bbf0f909cadda2fa) Importer(815301076,1909f56bfc062723c751e8b465ee728b)  -> (artifact id: '7ffe2c6cd2832de4546a82d243dd037e') in 0.241523 seconds 
========================================================================
Received Import Request.
  Time since last request: 0.000117 seconds.
  path: Assets/Unity Assets/Polytope Studio/Lowpoly Medieval Environments/Prefabs/Flowers/PT_Poppy_02.prefab
  artifactKey: Guid(2b66385ecc3e6b34e82ee78058e90aea) Importer(815301076,1909f56bfc062723c751e8b465ee728b)
Start importing Assets/Unity Assets/Polytope Studio/Lowpoly Medieval Environments/Prefabs/Flowers/PT_Poppy_02.prefab using Guid(2b66385ecc3e6b34e82ee78058e90aea) Importer(815301076,1909f56bfc062723c751e8b465ee728b)  -> (artifact id: '50a5607357032e4998d778a38199a038') in 0.245765 seconds 
========================================================================
Received Import Request.
  Time since last request: 0.000095 seconds.
  path: Assets/Unity Assets/Polytope Studio/Lowpoly Medieval Environments/Prefabs/Trees/PT_Fruit_Tree_01_pears.prefab
  artifactKey: Guid(a2e14d87834a62041a457f0dcc62b265) Importer(815301076,1909f56bfc062723c751e8b465ee728b)
Start importing Assets/Unity Assets/Polytope Studio/Lowpoly Medieval Environments/Prefabs/Trees/PT_Fruit_Tree_01_pears.prefab using Guid(a2e14d87834a62041a457f0dcc62b265) Importer(815301076,1909f56bfc062723c751e8b465ee728b)  -> (artifact id: '4e2e5734a9876a5823f25479f6cefe3a') in 0.545255 seconds 
========================================================================
Received Import Request.
  Time since last request: 0.000120 seconds.
  path: Assets/Unity Assets/Polytope Studio/Lowpoly Medieval Environments/Prefabs/Shrubs/PT_Generic_Shrub_01_dead.prefab
  artifactKey: Guid(06d032abe82fad741b5025b9013bb63a) Importer(815301076,1909f56bfc062723c751e8b465ee728b)
Start importing Assets/Unity Assets/Polytope Studio/Lowpoly Medieval Environments/Prefabs/Shrubs/PT_Generic_Shrub_01_dead.prefab using Guid(06d032abe82fad741b5025b9013bb63a) Importer(815301076,1909f56bfc062723c751e8b465ee728b)  -> (artifact id: '9433db2b0f7398179772985aa378e9bc') in 0.009745 seconds 
========================================================================
Received Import Request.
  Time since last request: 0.000123 seconds.
  path: Assets/Unity Assets/Polytope Studio/Lowpoly Medieval Environments/Prefabs/Trees/PT_Fruit_Tree_01_apples.prefab
  artifactKey: Guid(fe0c38f5305f2e14ca7e033eed8192aa) Importer(815301076,1909f56bfc062723c751e8b465ee728b)
Start importing Assets/Unity Assets/Polytope Studio/Lowpoly Medieval Environments/Prefabs/Trees/PT_Fruit_Tree_01_apples.prefab using Guid(fe0c38f5305f2e14ca7e033eed8192aa) Importer(815301076,1909f56bfc062723c751e8b465ee728b)  -> (artifact id: 'c345d0fde959ec5795581161b0b4c9d0') in 0.011598 seconds 
========================================================================
Received Import Request.
  Time since last request: 0.000110 seconds.
  path: Assets/Unity Assets/Polytope Studio/Lowpoly Medieval Environments/Prefabs/Trees/PT_Fruit_Tree_01_plums.prefab
  artifactKey: Guid(c80fbf850ad97a34694544deb65b7fa2) Importer(815301076,1909f56bfc062723c751e8b465ee728b)
Start importing Assets/Unity Assets/Polytope Studio/Lowpoly Medieval Environments/Prefabs/Trees/PT_Fruit_Tree_01_plums.prefab using Guid(c80fbf850ad97a34694544deb65b7fa2) Importer(815301076,1909f56bfc062723c751e8b465ee728b)  -> (artifact id: 'c2083bb6f3967daadd48f0d5f8c3f207') in 0.022985 seconds 
========================================================================
Received Import Request.
  Time since last request: 0.000164 seconds.
  path: Assets/Unity Assets/Polytope Studio/Lowpoly Medieval Environments/Prefabs/Rocks/PT_Generic_Rock_01.prefab
  artifactKey: Guid(16cfe0f76e1afc24ca16a7080d66f082) Importer(815301076,1909f56bfc062723c751e8b465ee728b)
Start importing Assets/Unity Assets/Polytope Studio/Lowpoly Medieval Environments/Prefabs/Rocks/PT_Generic_Rock_01.prefab using Guid(16cfe0f76e1afc24ca16a7080d66f082) Importer(815301076,1909f56bfc062723c751e8b465ee728b)  -> (artifact id: 'a736e4199f971dbabdf88aa9eebc4678') in 0.278944 seconds 
========================================================================
Received Import Request.
  Time since last request: 0.000115 seconds.
  path: Assets/Unity Assets/Polytope Studio/Lowpoly Medieval Environments/Prefabs/Trees/PT_Fruit_Tree_01_dead.prefab
  artifactKey: Guid(3ad58da949d5de343b7c21cee04361ce) Importer(815301076,1909f56bfc062723c751e8b465ee728b)
Start importing Assets/Unity Assets/Polytope Studio/Lowpoly Medieval Environments/Prefabs/Trees/PT_Fruit_Tree_01_dead.prefab using Guid(3ad58da949d5de343b7c21cee04361ce) Importer(815301076,1909f56bfc062723c751e8b465ee728b)  -> (artifact id: '568adda876f6bbe6debac2101ecba5d6') in 0.005788 seconds 
========================================================================
Received Import Request.
  Time since last request: 0.000507 seconds.
  path: Assets/Unity Assets/Polytope Studio/Lowpoly Medieval Environments/Prefabs/Rocks/PT_River_Rock_Pile_02.prefab
  artifactKey: Guid(877b08f512178384dadca8cf28e31a7e) Importer(815301076,1909f56bfc062723c751e8b465ee728b)
Start importing Assets/Unity Assets/Polytope Studio/Lowpoly Medieval Environments/Prefabs/Rocks/PT_River_Rock_Pile_02.prefab using Guid(877b08f512178384dadca8cf28e31a7e) Importer(815301076,1909f56bfc062723c751e8b465ee728b)  -> (artifact id: 'e8a08a1b122a2e1d9ca36c7ff7f7d586') in 0.010148 seconds 
========================================================================
Received Import Request.
  Time since last request: 0.000110 seconds.
  path: Assets/Unity Assets/Polytope Studio/Lowpoly Medieval Environments/Prefabs/Trees/PT_Pine_Tree_03_green.prefab
  artifactKey: Guid(ceda9be89f930ac42b32ff5ae10598cd) Importer(815301076,1909f56bfc062723c751e8b465ee728b)
Start importing Assets/Unity Assets/Polytope Studio/Lowpoly Medieval Environments/Prefabs/Trees/PT_Pine_Tree_03_green.prefab using Guid(ceda9be89f930ac42b32ff5ae10598cd) Importer(815301076,1909f56bfc062723c751e8b465ee728b)  -> (artifact id: '011306101d2f37e8cd2b761dea3a324d') in 0.250309 seconds 
========================================================================
Received Import Request.
  Time since last request: 0.000130 seconds.
  path: Assets/Unity Assets/Polytope Studio/Lowpoly Medieval Environments/Prefabs/Trees/PT_Pine_Tree_03_dead.prefab
  artifactKey: Guid(787d900468610e0488384494dc77d1b1) Importer(815301076,1909f56bfc062723c751e8b465ee728b)
Start importing Assets/Unity Assets/Polytope Studio/Lowpoly Medieval Environments/Prefabs/Trees/PT_Pine_Tree_03_dead.prefab using Guid(787d900468610e0488384494dc77d1b1) Importer(815301076,1909f56bfc062723c751e8b465ee728b)  -> (artifact id: '18ffc45c76ff17b58c73e44d44c5be46') in 0.007531 seconds 
========================================================================
Received Import Request.
  Time since last request: 0.000114 seconds.
  path: Assets/Unity Assets/Polytope Studio/Lowpoly Medieval Environments/Prefabs/Trees/PT_Pine_Tree_03_stump.prefab
  artifactKey: Guid(7d2041206c208f54991b199315b8f7a8) Importer(815301076,1909f56bfc062723c751e8b465ee728b)
Start importing Assets/Unity Assets/Polytope Studio/Lowpoly Medieval Environments/Prefabs/Trees/PT_Pine_Tree_03_stump.prefab using Guid(7d2041206c208f54991b199315b8f7a8) Importer(815301076,1909f56bfc062723c751e8b465ee728b)  -> (artifact id: 'a321593da226a5f0ffc7c9ffc9e010d9') in 0.006405 seconds 
========================================================================
Received Import Request.
  Time since last request: 0.000109 seconds.
  path: Assets/Unity Assets/Polytope Studio/Lowpoly Medieval Environments/Prefabs/Trees/PT_Fruit_Tree_01_logs.prefab
  artifactKey: Guid(3148b0057757c5e49a1d7284d605de90) Importer(815301076,1909f56bfc062723c751e8b465ee728b)
Start importing Assets/Unity Assets/Polytope Studio/Lowpoly Medieval Environments/Prefabs/Trees/PT_Fruit_Tree_01_logs.prefab using Guid(3148b0057757c5e49a1d7284d605de90) Importer(815301076,1909f56bfc062723c751e8b465ee728b)  -> (artifact id: 'f2d16ee18e90f1a532402873b3092883') in 0.006060 seconds 
========================================================================
Received Import Request.
  Time since last request: 0.000132 seconds.
  path: Assets/Unity Assets/Polytope Studio/Lowpoly Medieval Environments/Prefabs/Shrubs/PT_Generic_Shrub_01_green.prefab
  artifactKey: Guid(ee612942e9d74fe4baea785dfe2eaa52) Importer(815301076,1909f56bfc062723c751e8b465ee728b)
Start importing Assets/Unity Assets/Polytope Studio/Lowpoly Medieval Environments/Prefabs/Shrubs/PT_Generic_Shrub_01_green.prefab using Guid(ee612942e9d74fe4baea785dfe2eaa52) Importer(815301076,1909f56bfc062723c751e8b465ee728b)  -> (artifact id: '602f480200725b28782d08afbd1e8c31') in 0.011049 seconds 
========================================================================
Received Import Request.
  Time since last request: 48.493361 seconds.
  path: Assets/Unity Assets/Polytope Studio
  artifactKey: Guid(bd92fde7e9092cc45a184abd1de4e5ea) Importer(815301076,1909f56bfc062723c751e8b465ee728b)
Start importing Assets/Unity Assets/Polytope Studio using Guid(bd92fde7e9092cc45a184abd1de4e5ea) Importer(815301076,1909f56bfc062723c751e8b465ee728b)  -> (artifact id: '7fd3857ef08409ec48c3d10b3cc4cf6b') in 0.001405 seconds 
========================================================================
Received Import Request.
  Time since last request: 1.632091 seconds.
  path: Assets/Unity Assets/Polytope Studio/Lowpoly Medieval Environments
  artifactKey: Guid(be41ee6ac43e67344981ef736f6e5ca2) Importer(815301076,1909f56bfc062723c751e8b465ee728b)
Start importing Assets/Unity Assets/Polytope Studio/Lowpoly Medieval Environments using Guid(be41ee6ac43e67344981ef736f6e5ca2) Importer(815301076,1909f56bfc062723c751e8b465ee728b)  -> (artifact id: '3641996ad84c3de1708ee665f44a0fbe') in 0.001486 seconds 
========================================================================
Received Import Request.
  Time since last request: 0.826701 seconds.
  path: Assets/Unity Assets/Polytope Studio/Lowpoly Medieval Environments/Sources
  artifactKey: Guid(50084c0ced59c5243b289606ec1aaa1d) Importer(815301076,1909f56bfc062723c751e8b465ee728b)
Start importing Assets/Unity Assets/Polytope Studio/Lowpoly Medieval Environments/Sources using Guid(50084c0ced59c5243b289606ec1aaa1d) Importer(815301076,1909f56bfc062723c751e8b465ee728b)  -> (artifact id: 'a39ad96da2b1772678c599e77dc0bf88') in 0.001448 seconds 
========================================================================
Received Import Request.
  Time since last request: 0.400580 seconds.
  path: Assets/Unity Assets/Polytope Studio/Lowpoly Medieval Environments/Prefabs
  artifactKey: Guid(3ba94cc50bb068c4bb427a52fdcb0038) Importer(815301076,1909f56bfc062723c751e8b465ee728b)
Start importing Assets/Unity Assets/Polytope Studio/Lowpoly Medieval Environments/Prefabs using Guid(3ba94cc50bb068c4bb427a52fdcb0038) Importer(815301076,1909f56bfc062723c751e8b465ee728b)  -> (artifact id: 'e215514e85fe2bbb36ff9773a1586ac9') in 0.001303 seconds 
========================================================================
Received Import Request.
  Time since last request: 2.500603 seconds.
  path: Assets/Unity Assets/Polytope Studio/Lowpoly Medieval Environments/Prefabs/Trees
  artifactKey: Guid(e4243f8d0fc95cf46b99b24ef7a05c79) Importer(815301076,1909f56bfc062723c751e8b465ee728b)
Start importing Assets/Unity Assets/Polytope Studio/Lowpoly Medieval Environments/Prefabs/Trees using Guid(e4243f8d0fc95cf46b99b24ef7a05c79) Importer(815301076,1909f56bfc062723c751e8b465ee728b)  -> (artifact id: '41cf3dccfc694209309dcd4f1703e95a') in 0.001520 seconds 
========================================================================
Received Import Request.
  Time since last request: 0.102687 seconds.
  path: Assets/Unity Assets/Polytope Studio/Lowpoly Medieval Environments/Prefabs/Trees/PT_Fruit_Tree_01_dead_cut.prefab
  artifactKey: Guid(d9ec8d9e687cf0648b90ca1157463338) Importer(815301076,1909f56bfc062723c751e8b465ee728b)
Start importing Assets/Unity Assets/Polytope Studio/Lowpoly Medieval Environments/Prefabs/Trees/PT_Fruit_Tree_01_dead_cut.prefab using Guid(d9ec8d9e687cf0648b90ca1157463338) Importer(815301076,1909f56bfc062723c751e8b465ee728b)  -> (artifact id: 'fd7702f0cc36440a02d0ac96bfb83f33') in 0.012555 seconds 
========================================================================
Received Import Request.
  Time since last request: 0.000104 seconds.
  path: Assets/Unity Assets/Polytope Studio/Lowpoly Medieval Environments/Prefabs/Trees/PT_Pine_Tree_03_dead_cut.prefab
  artifactKey: Guid(7bbef63b5bd52bc4bb03cdc6cbb94a6f) Importer(815301076,1909f56bfc062723c751e8b465ee728b)
Start importing Assets/Unity Assets/Polytope Studio/Lowpoly Medieval Environments/Prefabs/Trees/PT_Pine_Tree_03_dead_cut.prefab using Guid(7bbef63b5bd52bc4bb03cdc6cbb94a6f) Importer(815301076,1909f56bfc062723c751e8b465ee728b)  -> (artifact id: 'd5fd8eb0fac369f1752aa7a896da56bd') in 0.005881 seconds 
========================================================================
Received Import Request.
  Time since last request: 0.000111 seconds.
  path: Assets/Unity Assets/Polytope Studio/Lowpoly Medieval Environments/Prefabs/Trees/PT_Fruit_Tree_01_green_cut.prefab
  artifactKey: Guid(021bfbcf15abb7543a51a487fa1c05ef) Importer(815301076,1909f56bfc062723c751e8b465ee728b)
Start importing Assets/Unity Assets/Polytope Studio/Lowpoly Medieval Environments/Prefabs/Trees/PT_Fruit_Tree_01_green_cut.prefab using Guid(021bfbcf15abb7543a51a487fa1c05ef) Importer(815301076,1909f56bfc062723c751e8b465ee728b)  -> (artifact id: '4cd6c69d268c108530a3492448bff317') in 0.011569 seconds 
========================================================================
Received Import Request.
  Time since last request: 0.000131 seconds.
  path: Assets/Unity Assets/Polytope Studio/Lowpoly Medieval Environments/Prefabs/Trees/PT_Pine_Tree_03_green_cut.prefab
  artifactKey: Guid(20613689bafb4544cb770f64d1a03714) Importer(815301076,1909f56bfc062723c751e8b465ee728b)
Start importing Assets/Unity Assets/Polytope Studio/Lowpoly Medieval Environments/Prefabs/Trees/PT_Pine_Tree_03_green_cut.prefab using Guid(20613689bafb4544cb770f64d1a03714) Importer(815301076,1909f56bfc062723c751e8b465ee728b)  -> (artifact id: '2f458dea17e45f8cec04221fdb312761') in 0.009106 seconds 
========================================================================
Received Import Request.
  Time since last request: 0.000116 seconds.
  path: Assets/Unity Assets/Polytope Studio/Lowpoly Medieval Environments/Prefabs/Trees/PT_Fruit_Tree_01_stump.prefab
  artifactKey: Guid(a917f6843cc222145828cefe2f799e67) Importer(815301076,1909f56bfc062723c751e8b465ee728b)
Start importing Assets/Unity Assets/Polytope Studio/Lowpoly Medieval Environments/Prefabs/Trees/PT_Fruit_Tree_01_stump.prefab using Guid(a917f6843cc222145828cefe2f799e67) Importer(815301076,1909f56bfc062723c751e8b465ee728b)  -> (artifact id: '48d3fd157bb4d8cb72e33c5158e22ef8') in 0.015790 seconds 
========================================================================
Received Import Request.
  Time since last request: 0.000125 seconds.
  path: Assets/Unity Assets/Polytope Studio/Lowpoly Medieval Environments/Prefabs/Trees/PT_Fruit_Tree_01_green.prefab
  artifactKey: Guid(d90c349721b4e694fad80a76d87b2578) Importer(815301076,1909f56bfc062723c751e8b465ee728b)
Start importing Assets/Unity Assets/Polytope Studio/Lowpoly Medieval Environments/Prefabs/Trees/PT_Fruit_Tree_01_green.prefab using Guid(d90c349721b4e694fad80a76d87b2578) Importer(815301076,1909f56bfc062723c751e8b465ee728b)  -> (artifact id: '92af9f2a91a240f08ab192a9fb1ef2ff') in 0.010249 seconds 
========================================================================
Received Import Request.
  Time since last request: 0.000208 seconds.
  path: Assets/Unity Assets/Polytope Studio/Lowpoly Medieval Environments/Prefabs/Trees/PT_Pine_Tree_03_logs.prefab
  artifactKey: Guid(a02abe99b557a624ca2316134bc4a270) Importer(815301076,1909f56bfc062723c751e8b465ee728b)
Start importing Assets/Unity Assets/Polytope Studio/Lowpoly Medieval Environments/Prefabs/Trees/PT_Pine_Tree_03_logs.prefab using Guid(a02abe99b557a624ca2316134bc4a270) Importer(815301076,1909f56bfc062723c751e8b465ee728b)  -> (artifact id: '47746e1ed342c6543c35d87e4f4ce1c7') in 0.007377 seconds 
========================================================================
Received Prepare
Registering precompiled user dll's ...
Registered in 0.002594 seconds.
Begin MonoManager ReloadAssembly
Native extension for WindowsStandalone target not found
Refreshing native plugins compatible for Editor in 0.27 ms, found 2 plugins.
Preloading 0 native plugins for Editor in 0.00 ms.
Mono: successfully reloaded assembly
- Completed reload, in  0.589 seconds
Domain Reload Profiling:
	ReloadAssembly (589ms)
		BeginReloadAssembly (82ms)
			ExecutionOrderSort (0ms)
			DisableScriptedObjects (3ms)
			BackupInstance (0ms)
			ReleaseScriptingObjects (0ms)
			CreateAndSetChildDomain (22ms)
		EndReloadAssembly (469ms)
			LoadAssemblies (52ms)
			RebuildTransferFunctionScriptingTraits (0ms)
			SetupTypeCache (160ms)
			ReleaseScriptCaches (1ms)
			RebuildScriptCaches (21ms)
			SetupLoadedEditorAssemblies (179ms)
				LogAssemblyErrors (0ms)
				InitializePlatformSupportModulesInManaged (3ms)
				SetLoadedEditorAssemblies (0ms)
				RefreshPlugins (0ms)
				BeforeProcessingInitializeOnLoad (27ms)
				ProcessInitializeOnLoadAttributes (140ms)
				ProcessInitializeOnLoadMethodAttributes (3ms)
				AfterProcessingInitializeOnLoad (5ms)
				EditorAssembliesLoaded (0ms)
			ExecutionOrderSort2 (0ms)
			AwakeInstancesAfterBackupRestoration (4ms)
Platform modules already initialized, skipping
Refreshing native plugins compatible for Editor in 0.32 ms, found 2 plugins.
Preloading 0 native plugins for Editor in 0.00 ms.
Unloading 1398 Unused Serialized files (Serialized files now loaded: 0)
System memory in use before: 127.8 MB.
System memory in use after: 127.9 MB.

Unloading 13 unused Assets to reduce memory usage. Loaded Objects now: 1878.
Total: 1.691400 ms (FindLiveObjects: 0.108300 ms CreateObjectMapping: 0.024400 ms MarkObjects: 1.545800 ms  DeleteObjects: 0.012200 ms)

AssetImportParameters requested are different than current active one (requested -> active):
  custom:framework-win-MediaFoundation: 216162199b28c13a410421893ffa2e32 -> 
  custom:video-decoder-ogg-theora: a1e56fd34408186e4bbccfd4996cb3dc -> 
  custom:container-muxer-webm: aa71ff27fc2769a1b78a27578f13a17b -> 
  custom:container-demuxer-webm: 4f35f7cbe854078d1ac9338744f61a02 -> 
  custom:container-demuxer-ogg: 62fdf1f143b41e24485cea50d1cbac27 -> 
  custom:video-encoder-webm-vp8: eb34c28f22e8b96e1ab97ce403110664 -> 
  custom:video-decoder-webm-vp8: 9c59270c3fd7afecdb556c50c9e8de78 -> 
  custom:audio-decoder-ogg-vorbis: bf7c407c2cedff20999df2af8eb42d56 -> 
  custom:audio-encoder-webm-vorbis: bf7c407c2cedff20999df2af8eb42d56 -> 
========================================================================
Received Import Request.
  Time since last request: 108.005877 seconds.
  path: Assets/Art Assets
  artifactKey: Guid(9e3ecd156aec5004187e8c0c5885fa21) Importer(815301076,1909f56bfc062723c751e8b465ee728b)
Start importing Assets/Art Assets using Guid(9e3ecd156aec5004187e8c0c5885fa21) Importer(815301076,1909f56bfc062723c751e8b465ee728b)  -> (artifact id: '6d99e5a11791ba02291282f31ddadac3') in 0.003667 seconds 
========================================================================
Received Import Request.
  Time since last request: 0.114124 seconds.
  path: Assets/Art Assets/A_Button.png
  artifactKey: Guid(128595bb5cdf21443abffea5f969672b) Importer(815301076,1909f56bfc062723c751e8b465ee728b)
Start importing Assets/Art Assets/A_Button.png using Guid(128595bb5cdf21443abffea5f969672b) Importer(815301076,1909f56bfc062723c751e8b465ee728b)  -> (artifact id: 'b0be1545b9387c662daf8ac9600af72f') in 0.063833 seconds 
========================================================================
Received Import Request.
  Time since last request: 0.000115 seconds.
  path: Assets/Art Assets/Credits_Button.png
  artifactKey: Guid(690670f901a63a342a474951ae996ab3) Importer(815301076,1909f56bfc062723c751e8b465ee728b)
Start importing Assets/Art Assets/Credits_Button.png using Guid(690670f901a63a342a474951ae996ab3) Importer(815301076,1909f56bfc062723c751e8b465ee728b)  -> (artifact id: 'ebd34ee58e05fa54fe56316423d64b05') in 0.018724 seconds 
========================================================================
Received Import Request.
  Time since last request: 0.000125 seconds.
  path: Assets/Art Assets/Esc_Button.png
  artifactKey: Guid(995af716bd260354fa9ce08e55a2f06f) Importer(815301076,1909f56bfc062723c751e8b465ee728b)
Start importing Assets/Art Assets/Esc_Button.png using Guid(995af716bd260354fa9ce08e55a2f06f) Importer(815301076,1909f56bfc062723c751e8b465ee728b)  -> (artifact id: 'edf487f5ed945d2e0a88637d0a75aea6') in 0.005964 seconds 
========================================================================
Received Import Request.
  Time since last request: 0.000151 seconds.
  path: Assets/Art Assets/bar.png
  artifactKey: Guid(2239f59baaa98a549af6cce83b9e840f) Importer(815301076,1909f56bfc062723c751e8b465ee728b)
Start importing Assets/Art Assets/bar.png using Guid(2239f59baaa98a549af6cce83b9e840f) Importer(815301076,1909f56bfc062723c751e8b465ee728b)  -> (artifact id: '98ebd9bac199dd9a88b5f23a381ffd1e') in 0.007527 seconds 
========================================================================
Received Import Request.
  Time since last request: 0.000130 seconds.
  path: Assets/Art Assets/S_Button.png
  artifactKey: Guid(b876a7230910955449a3167fbeabf201) Importer(815301076,1909f56bfc062723c751e8b465ee728b)
Start importing Assets/Art Assets/S_Button.png using Guid(b876a7230910955449a3167fbeabf201) Importer(815301076,1909f56bfc062723c751e8b465ee728b)  -> (artifact id: 'e24369cb023286b6f9a135dc729d8121') in 0.022903 seconds 
========================================================================
Received Import Request.
  Time since last request: 0.000122 seconds.
  path: Assets/Art Assets/Play_Button.png
  artifactKey: Guid(7fd86b44f3f35134babb55707bba1f76) Importer(815301076,1909f56bfc062723c751e8b465ee728b)
Start importing Assets/Art Assets/Play_Button.png using Guid(7fd86b44f3f35134babb55707bba1f76) Importer(815301076,1909f56bfc062723c751e8b465ee728b)  -> (artifact id: 'e0d45ab2f82a3b2f5af65f6be972bac5') in 0.018737 seconds 
========================================================================
Received Import Request.
  Time since last request: 0.000137 seconds.
  path: Assets/Art Assets/D_Button.png
  artifactKey: Guid(1820eba2a1749e1419c504eb177d3f70) Importer(815301076,1909f56bfc062723c751e8b465ee728b)
Start importing Assets/Art Assets/D_Button.png using Guid(1820eba2a1749e1419c504eb177d3f70) Importer(815301076,1909f56bfc062723c751e8b465ee728b)  -> (artifact id: '8576b6ffe2ccacb3b8d5042ffffa106f') in 0.005512 seconds 
========================================================================
Received Import Request.
  Time since last request: 0.000114 seconds.
  path: Assets/Art Assets/Quit_Button.png
  artifactKey: Guid(3a49b6e1b6c61474c9a20b03fcd1242c) Importer(815301076,1909f56bfc062723c751e8b465ee728b)
Start importing Assets/Art Assets/Quit_Button.png using Guid(3a49b6e1b6c61474c9a20b03fcd1242c) Importer(815301076,1909f56bfc062723c751e8b465ee728b)  -> (artifact id: 'fe13cf7ef44dbcd033f73345fca60d1a') in 0.005945 seconds 
========================================================================
Received Import Request.
  Time since last request: 0.000146 seconds.
  path: Assets/Art Assets/W_Button.png
  artifactKey: Guid(e52dd0ae5678bc44fac39f9801632283) Importer(815301076,1909f56bfc062723c751e8b465ee728b)
Start importing Assets/Art Assets/W_Button.png using Guid(e52dd0ae5678bc44fac39f9801632283) Importer(815301076,1909f56bfc062723c751e8b465ee728b)  -> (artifact id: 'f937de83a04d68da7c62dedb402ac883') in 0.052254 seconds 
========================================================================
Received Import Request.
  Time since last request: 0.000123 seconds.
  path: Assets/Art Assets/Back_Button.png
  artifactKey: Guid(5939e31f51f256d4490dc93a9ccece91) Importer(815301076,1909f56bfc062723c751e8b465ee728b)
Start importing Assets/Art Assets/Back_Button.png using Guid(5939e31f51f256d4490dc93a9ccece91) Importer(815301076,1909f56bfc062723c751e8b465ee728b)  -> (artifact id: 'daebc745125763391bbbe5a32aa167de') in 0.008377 seconds 
========================================================================
Received Import Request.
  Time since last request: 0.000135 seconds.
  path: Assets/Art Assets/E_Button.png
  artifactKey: Guid(80ba85f95667e314baffd35c49c6ba3d) Importer(815301076,1909f56bfc062723c751e8b465ee728b)
Start importing Assets/Art Assets/E_Button.png using Guid(80ba85f95667e314baffd35c49c6ba3d) Importer(815301076,1909f56bfc062723c751e8b465ee728b)  -> (artifact id: 'a481b2b99bde85bf67071b9d6530ca49') in 0.005757 seconds 
========================================================================
Received Import Request.
  Time since last request: 0.000124 seconds.
  path: Assets/Art Assets/How_To_Play_Button.png
  artifactKey: Guid(838c4af82cad43e45881f1aadf6b8761) Importer(815301076,1909f56bfc062723c751e8b465ee728b)
Start importing Assets/Art Assets/How_To_Play_Button.png using Guid(838c4af82cad43e45881f1aadf6b8761) Importer(815301076,1909f56bfc062723c751e8b465ee728b)  -> (artifact id: 'e030cb13bb74a5f8754e2fa36671419e') in 0.006254 seconds 
========================================================================
Received Import Request.
  Time since last request: 5.114483 seconds.
  path: Assets/Art Assets/2D
  artifactKey: Guid(67a828e4bd6aca140b6eba0ff2d9fda0) Importer(815301076,1909f56bfc062723c751e8b465ee728b)
Start importing Assets/Art Assets/2D using Guid(67a828e4bd6aca140b6eba0ff2d9fda0) Importer(815301076,1909f56bfc062723c751e8b465ee728b)  -> (artifact id: '9098ad4f7577f8fe8e9943cc020e804f') in 0.001542 seconds 
========================================================================
Received Import Request.
  Time since last request: 31.087804 seconds.
  path: Assets/Art Assets/2D/WoodIcon.png
  artifactKey: Guid(dc967c09488e80244a5cdadaeb184cba) Importer(815301076,1909f56bfc062723c751e8b465ee728b)
Start importing Assets/Art Assets/2D/WoodIcon.png using Guid(dc967c09488e80244a5cdadaeb184cba) Importer(815301076,1909f56bfc062723c751e8b465ee728b)  -> (artifact id: 'b8e6c38165e80d7783150be2bbd8fe94') in 0.043300 seconds 
========================================================================
Received Import Request.
  Time since last request: 0.000138 seconds.
  path: Assets/Art Assets/2D/WaterIcon.png
  artifactKey: Guid(f712e57a936429047921764eb40319e4) Importer(815301076,1909f56bfc062723c751e8b465ee728b)
Start importing Assets/Art Assets/2D/WaterIcon.png using Guid(f712e57a936429047921764eb40319e4) Importer(815301076,1909f56bfc062723c751e8b465ee728b)  -> (artifact id: '2f25c694135925e241147b19a6a0b9ff') in 0.012152 seconds 
========================================================================
Received Import Request.
  Time since last request: 0.000133 seconds.
  path: Assets/Art Assets/2D/FishIcon.png
  artifactKey: Guid(150327938858bdc458c3efdf085a1cf1) Importer(815301076,1909f56bfc062723c751e8b465ee728b)
Start importing Assets/Art Assets/2D/FishIcon.png using Guid(150327938858bdc458c3efdf085a1cf1) Importer(815301076,1909f56bfc062723c751e8b465ee728b)  -> (artifact id: 'c51e89cb5413d3b6d64a1476e268e9f1') in 0.009607 seconds 
========================================================================
Received Import Request.
  Time since last request: 745.096029 seconds.
  path: Assets/Art Assets/2D/WoodIcon.png
  artifactKey: Guid(dc967c09488e80244a5cdadaeb184cba) Importer(815301076,1909f56bfc062723c751e8b465ee728b)
Start importing Assets/Art Assets/2D/WoodIcon.png using Guid(dc967c09488e80244a5cdadaeb184cba) Importer(815301076,1909f56bfc062723c751e8b465ee728b)  -> (artifact id: '0814507454b803b32acfb4b4bd7bb1d9') in 0.010159 seconds 
========================================================================
Received Import Request.
  Time since last request: 0.000111 seconds.
  path: Assets/Art Assets/2D/WaterIcon.png
  artifactKey: Guid(f712e57a936429047921764eb40319e4) Importer(815301076,1909f56bfc062723c751e8b465ee728b)
Start importing Assets/Art Assets/2D/WaterIcon.png using Guid(f712e57a936429047921764eb40319e4) Importer(815301076,1909f56bfc062723c751e8b465ee728b)  -> (artifact id: '37e125730d24f191ccf6cf8583a15110') in 0.010451 seconds 
========================================================================
Received Import Request.
  Time since last request: 0.000110 seconds.
  path: Assets/Art Assets/2D/FishIcon.png
  artifactKey: Guid(150327938858bdc458c3efdf085a1cf1) Importer(815301076,1909f56bfc062723c751e8b465ee728b)
Start importing Assets/Art Assets/2D/FishIcon.png using Guid(150327938858bdc458c3efdf085a1cf1) Importer(815301076,1909f56bfc062723c751e8b465ee728b)  -> (artifact id: '6c03c2b277dcce0be68d6b9a6cbc76aa') in 0.011104 seconds 
========================================================================
Received Import Request.
  Time since last request: 10.461493 seconds.
  path: Assets/Art Assets/2D/WoodIcon.png
  artifactKey: Guid(dc967c09488e80244a5cdadaeb184cba) Importer(815301076,1909f56bfc062723c751e8b465ee728b)
Start importing Assets/Art Assets/2D/WoodIcon.png using Guid(dc967c09488e80244a5cdadaeb184cba) Importer(815301076,1909f56bfc062723c751e8b465ee728b)  -> (artifact id: '3bd219603135eb92ed3393e2451c6133') in 0.010460 seconds 
========================================================================
Received Import Request.
  Time since last request: 10.252754 seconds.
  path: Assets/Art Assets/2D/WaterIcon.png
  artifactKey: Guid(f712e57a936429047921764eb40319e4) Importer(815301076,1909f56bfc062723c751e8b465ee728b)
Start importing Assets/Art Assets/2D/WaterIcon.png using Guid(f712e57a936429047921764eb40319e4) Importer(815301076,1909f56bfc062723c751e8b465ee728b)  -> (artifact id: '1b303c12532c9e7346f43042fcbf4360') in 0.027675 seconds 
========================================================================
Received Import Request.
  Time since last request: 6.576856 seconds.
  path: Assets/Art Assets/2D/FishIcon.png
  artifactKey: Guid(150327938858bdc458c3efdf085a1cf1) Importer(815301076,1909f56bfc062723c751e8b465ee728b)
Start importing Assets/Art Assets/2D/FishIcon.png using Guid(150327938858bdc458c3efdf085a1cf1) Importer(815301076,1909f56bfc062723c751e8b465ee728b)  -> (artifact id: '5b3e89298866910bb8ade2a4b5559b05') in 0.039873 seconds 
========================================================================
Received Import Request.
  Time since last request: 302.232835 seconds.
  path: Assets/Art Assets/2D/HUD.png
  artifactKey: Guid(5b955054b053d8f419fbc6d1b9e88de0) Importer(815301076,1909f56bfc062723c751e8b465ee728b)
Start importing Assets/Art Assets/2D/HUD.png using Guid(5b955054b053d8f419fbc6d1b9e88de0) Importer(815301076,1909f56bfc062723c751e8b465ee728b)  -> (artifact id: 'd6c73b8bf3010f38b18612aa495c59ce') in 0.018118 seconds 
========================================================================
Received Import Request.
  Time since last request: 127.556643 seconds.
  path: Assets/Art Assets/2D/WaterBar.png
  artifactKey: Guid(e5bf6b43da9767f45b4363d01073d2e8) Importer(815301076,1909f56bfc062723c751e8b465ee728b)
Start importing Assets/Art Assets/2D/WaterBar.png using Guid(e5bf6b43da9767f45b4363d01073d2e8) Importer(815301076,1909f56bfc062723c751e8b465ee728b)  -> (artifact id: '0a5fb1fc41cc8ade68c323830402bb1f') in 0.035450 seconds 
========================================================================
Received Import Request.
  Time since last request: 0.000126 seconds.
  path: Assets/Art Assets/2D/HealthBar.png
  artifactKey: Guid(c4932014745ad4945bda0f853f806bc8) Importer(815301076,1909f56bfc062723c751e8b465ee728b)
Start importing Assets/Art Assets/2D/HealthBar.png using Guid(c4932014745ad4945bda0f853f806bc8) Importer(815301076,1909f56bfc062723c751e8b465ee728b)  -> (artifact id: '69848502727daadb776d9065cd671fe5') in 0.015621 seconds 
========================================================================
Received Import Request.
  Time since last request: 0.000140 seconds.
  path: Assets/Art Assets/2D/EnergyBar.png
  artifactKey: Guid(3384237df12aac6439dbc378e8eb960f) Importer(815301076,1909f56bfc062723c751e8b465ee728b)
Start importing Assets/Art Assets/2D/EnergyBar.png using Guid(3384237df12aac6439dbc378e8eb960f) Importer(815301076,1909f56bfc062723c751e8b465ee728b)  -> (artifact id: '079501b5ab48d935556163b4ad9c072f') in 0.011422 seconds 
========================================================================
Received Import Request.
  Time since last request: 0.000157 seconds.
  path: Assets/Art Assets/2D/FoodBar.png
  artifactKey: Guid(82b0f24f36798814ca65f29aa24140b5) Importer(815301076,1909f56bfc062723c751e8b465ee728b)
Start importing Assets/Art Assets/2D/FoodBar.png using Guid(82b0f24f36798814ca65f29aa24140b5) Importer(815301076,1909f56bfc062723c751e8b465ee728b)  -> (artifact id: 'c4866c6fe9de5b3ab90fd88e071d7177') in 0.009696 seconds 
========================================================================
Received Import Request.
  Time since last request: 6.331625 seconds.
  path: Assets/Art Assets/2D/HUD.png
  artifactKey: Guid(5b955054b053d8f419fbc6d1b9e88de0) Importer(815301076,1909f56bfc062723c751e8b465ee728b)
Start importing Assets/Art Assets/2D/HUD.png using Guid(5b955054b053d8f419fbc6d1b9e88de0) Importer(815301076,1909f56bfc062723c751e8b465ee728b)  -> (artifact id: '7e2aea2b898f621d144406287dbf91e6') in 0.011129 seconds 
========================================================================
Received Import Request.
  Time since last request: 10.926207 seconds.
  path: Assets/Art Assets/2D/HealthBar.png
  artifactKey: Guid(c4932014745ad4945bda0f853f806bc8) Importer(815301076,1909f56bfc062723c751e8b465ee728b)
Start importing Assets/Art Assets/2D/HealthBar.png using Guid(c4932014745ad4945bda0f853f806bc8) Importer(815301076,1909f56bfc062723c751e8b465ee728b)  -> (artifact id: '3b7813200b2d019b59df09605b8c96fd') in 0.038568 seconds 
========================================================================
Received Import Request.
  Time since last request: 6.575656 seconds.
  path: Assets/Art Assets/2D/FoodBar.png
  artifactKey: Guid(82b0f24f36798814ca65f29aa24140b5) Importer(815301076,1909f56bfc062723c751e8b465ee728b)
Start importing Assets/Art Assets/2D/FoodBar.png using Guid(82b0f24f36798814ca65f29aa24140b5) Importer(815301076,1909f56bfc062723c751e8b465ee728b)  -> (artifact id: '683035de3812cc519afc5102659cb2d9') in 0.026975 seconds 
========================================================================
Received Import Request.
  Time since last request: 12.339483 seconds.
  path: Assets/Art Assets/2D/EnergyBar.png
  artifactKey: Guid(3384237df12aac6439dbc378e8eb960f) Importer(815301076,1909f56bfc062723c751e8b465ee728b)
Start importing Assets/Art Assets/2D/EnergyBar.png using Guid(3384237df12aac6439dbc378e8eb960f) Importer(815301076,1909f56bfc062723c751e8b465ee728b)  -> (artifact id: '68adc96b345c0eb85ad036bbade4a65c') in 0.027046 seconds 
========================================================================
Received Import Request.
  Time since last request: 10.974430 seconds.
  path: Assets/Art Assets/2D/WaterBar.png
  artifactKey: Guid(e5bf6b43da9767f45b4363d01073d2e8) Importer(815301076,1909f56bfc062723c751e8b465ee728b)
Start importing Assets/Art Assets/2D/WaterBar.png using Guid(e5bf6b43da9767f45b4363d01073d2e8) Importer(815301076,1909f56bfc062723c751e8b465ee728b)  -> (artifact id: '73c3d46228f9e57250f310aa3cd1ee87') in 0.017466 seconds 
========================================================================
Received Prepare
Registering precompiled user dll's ...
Registered in 0.002784 seconds.
Begin MonoManager ReloadAssembly
Native extension for WindowsStandalone target not found
Refreshing native plugins compatible for Editor in 0.27 ms, found 2 plugins.
Preloading 0 native plugins for Editor in 0.00 ms.
Mono: successfully reloaded assembly
- Completed reload, in  0.622 seconds
Domain Reload Profiling:
	ReloadAssembly (622ms)
		BeginReloadAssembly (73ms)
			ExecutionOrderSort (0ms)
			DisableScriptedObjects (3ms)
			BackupInstance (0ms)
			ReleaseScriptingObjects (0ms)
			CreateAndSetChildDomain (23ms)
		EndReloadAssembly (511ms)
			LoadAssemblies (53ms)
			RebuildTransferFunctionScriptingTraits (0ms)
			SetupTypeCache (162ms)
			ReleaseScriptCaches (1ms)
			RebuildScriptCaches (21ms)
			SetupLoadedEditorAssemblies (179ms)
				LogAssemblyErrors (0ms)
				InitializePlatformSupportModulesInManaged (4ms)
				SetLoadedEditorAssemblies (0ms)
				RefreshPlugins (0ms)
				BeforeProcessingInitializeOnLoad (28ms)
				ProcessInitializeOnLoadAttributes (139ms)
				ProcessInitializeOnLoadMethodAttributes (3ms)
				AfterProcessingInitializeOnLoad (5ms)
				EditorAssembliesLoaded (0ms)
			ExecutionOrderSort2 (0ms)
			AwakeInstancesAfterBackupRestoration (11ms)
Platform modules already initialized, skipping
Refreshing native plugins compatible for Editor in 0.27 ms, found 2 plugins.
Preloading 0 native plugins for Editor in 0.00 ms.
Unloading 1418 Unused Serialized files (Serialized files now loaded: 0)
System memory in use before: 178.3 MB.
System memory in use after: 178.4 MB.

Unloading 13 unused Assets to reduce memory usage. Loaded Objects now: 2342.
Total: 1.854100 ms (FindLiveObjects: 0.154800 ms CreateObjectMapping: 0.046700 ms MarkObjects: 1.640700 ms  DeleteObjects: 0.011000 ms)

AssetImportParameters requested are different than current active one (requested -> active):
  custom:framework-win-MediaFoundation: 216162199b28c13a410421893ffa2e32 -> 
  custom:video-decoder-ogg-theora: a1e56fd34408186e4bbccfd4996cb3dc -> 
  custom:container-muxer-webm: aa71ff27fc2769a1b78a27578f13a17b -> 
  custom:container-demuxer-webm: 4f35f7cbe854078d1ac9338744f61a02 -> 
  custom:container-demuxer-ogg: 62fdf1f143b41e24485cea50d1cbac27 -> 
  custom:video-encoder-webm-vp8: eb34c28f22e8b96e1ab97ce403110664 -> 
  custom:video-decoder-webm-vp8: 9c59270c3fd7afecdb556c50c9e8de78 -> 
  custom:audio-decoder-ogg-vorbis: bf7c407c2cedff20999df2af8eb42d56 -> 
  custom:audio-encoder-webm-vorbis: bf7c407c2cedff20999df2af8eb42d56 -> 
========================================================================
Received Import Request.
  Time since last request: 308.935682 seconds.
  path: Assets/Art Assets/2D/HealthBar 1.png
  artifactKey: Guid(e02b4410390aabd44a4311c01f538d76) Importer(815301076,1909f56bfc062723c751e8b465ee728b)
Start importing Assets/Art Assets/2D/HealthBar 1.png using Guid(e02b4410390aabd44a4311c01f538d76) Importer(815301076,1909f56bfc062723c751e8b465ee728b)  -> (artifact id: '7794e85971826f86d4d035654be7ee19') in 0.028388 seconds 
========================================================================
Received Import Request.
  Time since last request: 0.006639 seconds.
  path: Assets/Art Assets/2D/FoodBar 1.png
  artifactKey: Guid(ce60a8c71e3c8724d8e1b5d27e670ffa) Importer(815301076,1909f56bfc062723c751e8b465ee728b)
Start importing Assets/Art Assets/2D/FoodBar 1.png using Guid(ce60a8c71e3c8724d8e1b5d27e670ffa) Importer(815301076,1909f56bfc062723c751e8b465ee728b)  -> (artifact id: '50ac9fd1b9a8ae4d1795a2657ef68deb') in 0.010410 seconds 
========================================================================
Received Import Request.
  Time since last request: 6.679769 seconds.
  path: Assets/Art Assets/2D/FoodBar 1.png
  artifactKey: Guid(ce60a8c71e3c8724d8e1b5d27e670ffa) Importer(815301076,1909f56bfc062723c751e8b465ee728b)
Start importing Assets/Art Assets/2D/FoodBar 1.png using Guid(ce60a8c71e3c8724d8e1b5d27e670ffa) Importer(815301076,1909f56bfc062723c751e8b465ee728b)  -> (artifact id: '9fdbc8d3bab249752e3278ed889ad784') in 0.027695 seconds 
========================================================================
Received Import Request.
  Time since last request: 8.599686 seconds.
  path: Assets/Art Assets/2D/HealthBar 1.png
  artifactKey: Guid(e02b4410390aabd44a4311c01f538d76) Importer(815301076,1909f56bfc062723c751e8b465ee728b)
Start importing Assets/Art Assets/2D/HealthBar 1.png using Guid(e02b4410390aabd44a4311c01f538d76) Importer(815301076,1909f56bfc062723c751e8b465ee728b)  -> (artifact id: '4b33b5d57a530743ef2c22d27535f335') in 0.024112 seconds 
========================================================================
Received Prepare
Registering precompiled user dll's ...
Registered in 0.002461 seconds.
Begin MonoManager ReloadAssembly
Native extension for WindowsStandalone target not found
Refreshing native plugins compatible for Editor in 0.28 ms, found 2 plugins.
Preloading 0 native plugins for Editor in 0.00 ms.
Mono: successfully reloaded assembly
- Completed reload, in  0.611 seconds
Domain Reload Profiling:
	ReloadAssembly (612ms)
		BeginReloadAssembly (78ms)
			ExecutionOrderSort (0ms)
			DisableScriptedObjects (5ms)
			BackupInstance (0ms)
			ReleaseScriptingObjects (0ms)
			CreateAndSetChildDomain (22ms)
		EndReloadAssembly (495ms)
			LoadAssemblies (54ms)
			RebuildTransferFunctionScriptingTraits (0ms)
			SetupTypeCache (171ms)
			ReleaseScriptCaches (1ms)
			RebuildScriptCaches (22ms)
			SetupLoadedEditorAssemblies (177ms)
				LogAssemblyErrors (0ms)
				InitializePlatformSupportModulesInManaged (4ms)
				SetLoadedEditorAssemblies (0ms)
				RefreshPlugins (0ms)
				BeforeProcessingInitializeOnLoad (28ms)
				ProcessInitializeOnLoadAttributes (137ms)
				ProcessInitializeOnLoadMethodAttributes (3ms)
				AfterProcessingInitializeOnLoad (5ms)
				EditorAssembliesLoaded (0ms)
			ExecutionOrderSort2 (0ms)
			AwakeInstancesAfterBackupRestoration (11ms)
Platform modules already initialized, skipping
Refreshing native plugins compatible for Editor in 0.27 ms, found 2 plugins.
Preloading 0 native plugins for Editor in 0.00 ms.
Unloading 1400 Unused Serialized files (Serialized files now loaded: 0)
System memory in use before: 187.1 MB.
System memory in use after: 187.2 MB.

Unloading 13 unused Assets to reduce memory usage. Loaded Objects now: 2404.
Total: 1.620800 ms (FindLiveObjects: 0.141400 ms CreateObjectMapping: 0.033400 ms MarkObjects: 1.435400 ms  DeleteObjects: 0.010000 ms)

AssetImportParameters requested are different than current active one (requested -> active):
  custom:framework-win-MediaFoundation: 216162199b28c13a410421893ffa2e32 -> 
  custom:video-decoder-ogg-theora: a1e56fd34408186e4bbccfd4996cb3dc -> 
  custom:container-muxer-webm: aa71ff27fc2769a1b78a27578f13a17b -> 
  custom:container-demuxer-webm: 4f35f7cbe854078d1ac9338744f61a02 -> 
  custom:container-demuxer-ogg: 62fdf1f143b41e24485cea50d1cbac27 -> 
  custom:video-encoder-webm-vp8: eb34c28f22e8b96e1ab97ce403110664 -> 
  custom:video-decoder-webm-vp8: 9c59270c3fd7afecdb556c50c9e8de78 -> 
  custom:audio-decoder-ogg-vorbis: bf7c407c2cedff20999df2af8eb42d56 -> 
  custom:audio-encoder-webm-vorbis: bf7c407c2cedff20999df2af8eb42d56 -> 
========================================================================
Received Prepare
Registering precompiled user dll's ...
Registered in 0.002485 seconds.
Begin MonoManager ReloadAssembly
Native extension for WindowsStandalone target not found
Refreshing native plugins compatible for Editor in 0.28 ms, found 2 plugins.
Preloading 0 native plugins for Editor in 0.00 ms.
Mono: successfully reloaded assembly
- Completed reload, in  0.623 seconds
Domain Reload Profiling:
	ReloadAssembly (623ms)
		BeginReloadAssembly (87ms)
			ExecutionOrderSort (0ms)
			DisableScriptedObjects (6ms)
			BackupInstance (0ms)
			ReleaseScriptingObjects (0ms)
			CreateAndSetChildDomain (22ms)
		EndReloadAssembly (497ms)
			LoadAssemblies (54ms)
			RebuildTransferFunctionScriptingTraits (0ms)
			SetupTypeCache (166ms)
			ReleaseScriptCaches (1ms)
			RebuildScriptCaches (23ms)
			SetupLoadedEditorAssemblies (186ms)
				LogAssemblyErrors (0ms)
				InitializePlatformSupportModulesInManaged (4ms)
				SetLoadedEditorAssemblies (0ms)
				RefreshPlugins (0ms)
				BeforeProcessingInitializeOnLoad (32ms)
				ProcessInitializeOnLoadAttributes (142ms)
				ProcessInitializeOnLoadMethodAttributes (3ms)
				AfterProcessingInitializeOnLoad (4ms)
				EditorAssembliesLoaded (0ms)
			ExecutionOrderSort2 (0ms)
			AwakeInstancesAfterBackupRestoration (12ms)
Platform modules already initialized, skipping
Refreshing native plugins compatible for Editor in 0.27 ms, found 2 plugins.
Preloading 0 native plugins for Editor in 0.00 ms.
Unloading 1398 Unused Serialized files (Serialized files now loaded: 0)
System memory in use before: 186.9 MB.
System memory in use after: 187.0 MB.

Unloading 13 unused Assets to reduce memory usage. Loaded Objects now: 2407.
Total: 1.716900 ms (FindLiveObjects: 0.126100 ms CreateObjectMapping: 0.037700 ms MarkObjects: 1.539700 ms  DeleteObjects: 0.012800 ms)

AssetImportParameters requested are different than current active one (requested -> active):
  custom:framework-win-MediaFoundation: 216162199b28c13a410421893ffa2e32 -> 
  custom:video-decoder-ogg-theora: a1e56fd34408186e4bbccfd4996cb3dc -> 
  custom:container-muxer-webm: aa71ff27fc2769a1b78a27578f13a17b -> 
  custom:container-demuxer-webm: 4f35f7cbe854078d1ac9338744f61a02 -> 
  custom:container-demuxer-ogg: 62fdf1f143b41e24485cea50d1cbac27 -> 
  custom:video-encoder-webm-vp8: eb34c28f22e8b96e1ab97ce403110664 -> 
  custom:video-decoder-webm-vp8: 9c59270c3fd7afecdb556c50c9e8de78 -> 
  custom:audio-decoder-ogg-vorbis: bf7c407c2cedff20999df2af8eb42d56 -> 
  custom:audio-encoder-webm-vorbis: bf7c407c2cedff20999df2af8eb42d56 -> 
AssetImportWorkerClient::OnTransportError - code=2 error=End of file
